make all --print-data-base --no-builtin-variables --no-builtin-rules --question
make: *** No rule to make target 'all'.  Stop.

# GNU Make 4.3
# Built for x86_64-pc-linux-gnu
# Copyright (C) 1988-2020 Free Software Foundation, Inc.
# License GPLv3+: GNU GPL version 3 or later <http://gnu.org/licenses/gpl.html>
# This is free software: you are free to change and redistribute it.
# There is NO WARRANTY, to the extent permitted by law.

# Make data base, printed on Thu Aug 11 12:52:06 2022

# Variables

# environment
GDK_BACKEND = x11
# environment
LC_ALL = C
# environment
GNOME_SHELL_SESSION_MODE = ubuntu
# environment
SSH_AGENT_LAUNCHER = gnome-keyring
# environment
GJS_DEBUG_OUTPUT = stderr
# environment
LC_NAME = id_ID.UTF-8
# environment
LC_NUMERIC = id_ID.UTF-8
# environment
VSCODE_CWD = /home/syamsul
# environment
LC_ADDRESS = id_ID.UTF-8
# default
MAKE_COMMAND := make
# environment
QT_ACCESSIBILITY = 1
# environment
GOPATH = /home/syamsul/go
# automatic
@D = $(patsubst %/,%,$(dir $@))
# environment
VSCODE_HANDLES_UNCAUGHT_ERRORS = true
# default
.VARIABLES := 
# environment
PWD = /home/syamsul/messaging-api
# automatic
%D = $(patsubst %/,%,$(dir $%))
# environment
LSCOLORS = Gxfxcxdxbxegedabagacad
# environment
XDG_DATA_DIRS = /usr/local/share/:/usr/share/:/var/lib/snapd/desktop
# environment
OLDPWD = /home/syamsul
# automatic
^D = $(patsubst %/,%,$(dir $^))
# automatic
%F = $(notdir $%)
# environment
VSCODE_CODE_CACHE_PATH = /home/syamsul/.config/Code/CachedData/da76f93349a72022ca4670c1b84860304616aaa2
# environment
LANG = C
# environment
XAUTHORITY = /run/user/1000/.mutter-Xwaylandauth.5BPPQ1
# default
.LOADED := 
# default
.INCLUDE_DIRS = /usr/local/include /usr/include /usr/include
# makefile
MAKEFLAGS = pqrR
# makefile
CURDIR := /home/syamsul/messaging-api
# environment
APPLICATION_INSIGHTS_NO_DIAGNOSTIC_CHANNEL = true
# automatic
*D = $(patsubst %/,%,$(dir $*))
# environment
MFLAGS = -pqrR
# environment
SSH_AUTH_SOCK = /run/user/1000/keyring/ssh
# default
.SHELLFLAGS := -c
# environment
WAYLAND_DISPLAY = wayland-0
# automatic
+D = $(patsubst %/,%,$(dir $+))
# environment
XDG_SESSION_DESKTOP = ubuntu
# makefile (from 'makefile', line 1)
MAKEFILE_LIST := makefile
# automatic
@F = $(notdir $@)
# environment
ZSH = /home/syamsul/.oh-my-zsh
# environment
VSCODE_PID = 152340
# environment
XDG_SESSION_TYPE = wayland
# automatic
?D = $(patsubst %/,%,$(dir $?))
# environment
SESSION_MANAGER = local/syamsul-IdeaPad-3-14ARE05:@/tmp/.ICE-unix/1794,unix/syamsul-IdeaPad-3-14ARE05:/tmp/.ICE-unix/1794
# automatic
*F = $(notdir $*)
# environment
NODEJS = /home/syamsul/nodejs/bin
# environment
CHROME_DESKTOP = code-url-handler.desktop
# environment
DBUS_SESSION_BUS_ADDRESS = unix:path=/run/user/1000/bus
# automatic
<D = $(patsubst %/,%,$(dir $<))
# environment
GO = /home/syamsul/go/bin
# environment
VSCODE_NLS_CONFIG = {"locale":"en-us","availableLanguages":{},"_languagePackSupport":true}
# default
MAKE_HOST := x86_64-pc-linux-gnu
# environment
GNOME_DESKTOP_SESSION_ID = this-is-deprecated
# makefile
SHELL = /bin/sh
# default
MAKECMDGOALS := all
# environment
XMODIFIERS = @im=ibus
# environment
GJS_DEBUG_TOPICS = JS ERROR;JS LOG
# environment
SHLVL = 0
# environment
MAKELEVEL := 0
# default
MAKE = $(MAKE_COMMAND)
# environment
PATH = /home/syamsul/go/bin:/usr/local/sbin:/usr/local/bin:/usr/sbin:/usr/bin:/sbin:/bin:/usr/games:/usr/local/games:/snap/bin:/snap/bin:/home/syamsul/nodejs/bin:/home/syamsul/.oh-my-zsh:/home/syamsul/go:/home/syamsul/go
# default
MAKEFILES := 
# environment
LC_MONETARY = id_ID.UTF-8
# automatic
^F = $(notdir $^)
# environment
LC_TIME = id_ID.UTF-8
# environment
GOROOT = /home/syamsul/go
# environment
INVOCATION_ID = 7117a1d2686945e4a5a247f0ed078bb6
# environment
USERNAME = syamsul
# environment
GNOME_SETUP_DISPLAY = :1
# environment
LC_TELEPHONE = id_ID.UTF-8
# automatic
?F = $(notdir $?)
# environment
XDG_CURRENT_DESKTOP = Unity
# environment
LS_COLORS = 
# automatic
+F = $(notdir $+)
# environment
LESS = -R
# environment
DESKTOP_SESSION = ubuntu
# environment
ORIGINAL_XDG_CURRENT_DESKTOP = ubuntu:GNOME
# 'override' directive
GNUMAKEFLAGS := 
# environment
LOGNAME = syamsul
# environment
GIO_LAUNCHED_DESKTOP_FILE = /usr/share/applications/code.desktop
# makefile
.DEFAULT_GOAL := run-local
# environment
SYSTEMD_EXEC_PID = 1825
# environment
DISPLAY = :0
# environment
USER = syamsul
# environment
GTK_MODULES = gail:atk-bridge
# default
MAKE_VERSION := 4.3
# environment
MANAGERPID = 1672
# environment
LC_MEASUREMENT = id_ID.UTF-8
# environment
GIO_LAUNCHED_DESKTOP_FILE_PID = 152340
# environment
PAGER = less
# environment
_ = /usr/share/code/code
# environment
LC_PAPER = id_ID.UTF-8
# environment
XDG_RUNTIME_DIR = /run/user/1000
# environment
JOURNAL_STREAM = 8:33483
# environment
GOMODCACHE = /home/syamsul/go/pkg/mod
# environment
XDG_SESSION_CLASS = user
# environment
VSCODE_AMD_ENTRYPOINT = vs/workbench/api/node/extensionHostProcess
# environment
HOME = /home/syamsul
# environment
QT_IM_MODULE = ibus
# environment
ELECTRON_RUN_AS_NODE = 1
# environment
VSCODE_IPC_HOOK = /run/user/1000/vscode-91769089-1.70.0-main.sock
# environment
GOPROXY = https://proxy.golang.org,direct
# default
.RECIPEPREFIX := 
# automatic
<F = $(notdir $<)
# default
SUFFIXES := 
# default
.FEATURES := target-specific order-only second-expansion else-if shortest-stem undefine oneshell nocomment grouped-target extra-prereqs archives jobserver output-sync check-symlink load
# environment
XDG_MENU_PREFIX = gnome-
# environment
GDMSESSION = ubuntu
# environment
LC_IDENTIFICATION = id_ID.UTF-8
# variable set hash-table stats:
# Load=109/1024=11%, Rehash=0, Collisions=4/139=3%

# Pattern-specific Variable Values

# No pattern-specific variable values.

# Directories

# . (device 66309, inode 919255): 13 files, no impossibilities.

# 13 files, no impossibilities in 1 directories.

# Implicit Rules

# No implicit rules.

# Files

kube-ship:
#  Implicit rule search has not been done.
#  Modification time never checked.
#  File has not been updated.
#  recipe to execute (from 'makefile', line 104):
	make version=${version} kube-build
	docker push syamsuldocker/messaging-api-kubernetes:v${version}

restart-production:
#  Implicit rule search has not been done.
#  Modification time never checked.
#  File has not been updated.
#  recipe to execute (from 'makefile', line 62):
	make stop-production
	make run-production

stop:
#  Implicit rule search has not been done.
#  Modification time never checked.
#  File has not been updated.
#  recipe to execute (from 'makefile', line 22):
	docker-compose -f ${CURDIR}/env/dev/docker-compose.yaml down

ps:
#  Implicit rule search has not been done.
#  Modification time never checked.
#  File has not been updated.
#  recipe to execute (from 'makefile', line 25):
	docker-compose -f ${CURDIR}/env/dev/docker-compose.yaml ps

kube-dev-run:
#  Implicit rule search has not been done.
#  Modification time never checked.
#  File has not been updated.
#  recipe to execute (from 'makefile', line 108):
	make version=${version} kube-build
	docker run -it --name messaging-api -e GIN_MODE=release --network=host syamsuldocker/messaging-api-kubernetes:v${version}

start-webserver:
#  Implicit rule search has not been done.
#  Modification time never checked.
#  File has not been updated.
#  recipe to execute (from 'makefile', line 71):
	docker run -itd --name nginx --network=host \
	 -v ${CURDIR}/nginx/conf/:/etc/nginx/conf.d/:ro \
	 -v ${CURDIR}/certbot/www:/var/www/certbot/:ro \
	 -v ${CURDIR}/certbot/conf:/etc/nginx/ssl/:ro \
	 nginx:latest

run-production:
#  Implicit rule search has not been done.
#  Modification time never checked.
#  File has not been updated.
#  recipe to execute (from 'makefile', line 41):
	docker pull syamsuldocker/messaging-api
	docker run \
	-itd \
	--name messaging-api \
	--network=host \
	-e GIN_MODE=release \
 
	syamsuldocker/messaging-api
	docker run \
	-itd \
	--name nginx \
	--network=host \
	-v ${CURDIR}/nginx/:/etc/nginx/conf.d/ \
	-v ${CURDIR}/certbot/conf:/etc/nginx/ssl \
	-v ${CURDIR}/certbot/www:/var/www/certbot/ \
	nginx

# Not a target:
.DEFAULT:
#  Implicit rule search has not been done.
#  Modification time never checked.
#  File has not been updated.

# Not a target:
all:
#  Command line target.
#  Implicit rule search has been done.
#  File does not exist.
#  File has not been updated.

run:
#  Implicit rule search has not been done.
#  Modification time never checked.
#  File has not been updated.
#  recipe to execute (from 'makefile', line 18):
	make build
	docker-compose -f ${CURDIR}/env/dev/docker-compose.yaml up -d --scale messaging-api=${scale}

build:
#  Implicit rule search has not been done.
#  Modification time never checked.
#  File has not been updated.
#  recipe to execute (from 'makefile', line 7):
	go build .
	docker build \
	-t syamsuldocker/messaging-api \
	-f ${CURDIR}/env/dev/Dockerfile \
	.
	docker build \
	-t syamsuldocker/nginx-api \
	-f ${CURDIR}/env/dev/Dockerfile.nginx \
	.

run-local:
#  Implicit rule search has not been done.
#  Modification time never checked.
#  File has not been updated.
#  recipe to execute (from 'makefile', line 3):
	go run .

certbot-create:
#  Implicit rule search has not been done.
#  Modification time never checked.
#  File has not been updated.
#  recipe to execute (from 'makefile', line 85):
	docker run -it --name certbot --network=host \
	-v ${CURDIR}/certbot/www:/var/www/certbot/:rw \
	-v ${CURDIR}/certbot/conf:/etc/letsencrypt/:rw \
	certbot/certbot:latest certonly --webroot --webroot-path /var/www/certbot/ -d syamsulapi.my.id

certbot-stop:
#  Implicit rule search has not been done.
#  Modification time never checked.
#  File has not been updated.
#  recipe to execute (from 'makefile', line 90):
	docker stop certbot
	docker rm certbot

certbot-renew:
#  Implicit rule search has not been done.
#  Modification time never checked.
#  File has not been updated.
#  recipe to execute (from 'makefile', line 93):
	docker run -it --name certbot --network=host \
	-v ${CURDIR}/certbot/www:/var/www/certbot/:rw \
	-v ${CURDIR}/certbot/conf:/etc/letsencrypt/:rw \
	certbot/certbot:latest renew

kube-build:
#  Implicit rule search has not been done.
#  Modification time never checked.
#  File has not been updated.
#  recipe to execute (from 'makefile', line 100):
	go build .
	docker build -t syamsuldocker/messaging-api-kubernetes:v${version} -f env/kube/Dockerfile .

# Not a target:
makefile:
#  Implicit rule search has been done.
#  Last modified 2022-08-10 20:22:52.464161681
#  File has been updated.
#  Successfully updated.

stop-production:
#  Implicit rule search has not been done.
#  Modification time never checked.
#  File has not been updated.
#  recipe to execute (from 'makefile', line 58):
	docker stop nginx messaging-api
	docker rm nginx messaging-api

stop-webserver:
#  Implicit rule search has not been done.
#  Modification time never checked.
#  File has not been updated.
#  recipe to execute (from 'makefile', line 77):
	docker stop nginx
	docker rm nginx

ship-production:
#  Implicit rule search has not been done.
#  Modification time never checked.
#  File has not been updated.
#  recipe to execute (from 'makefile', line 30):
	go build .
	docker build \
	-t syamsuldocker/messaging-api \
	-f ${CURDIR}/env/prod/Dockerfile \
	.
	docker push syamsuldocker/messaging-api
	scp -i ~/syamsul.pem makefile ubuntu@ec2-3-0-149-232.ap-southeast-1.compute.amazonaws.com:~/
	scp -i ~/syamsul.pem env/prod/default.conf ubuntu@ec2-3-0-149-232.ap-southeast-1.compute.amazonaws.com:~/nginx/

ssh:
#  Implicit rule search has not been done.
#  Modification time never checked.
#  File has not been updated.
#  recipe to execute (from 'makefile', line 67):
	ssh -i ~/syamsul.pem ubuntu@ec2-3-0-149-232.ap-southeast-1.compute.amazonaws.com

kube-stop:
#  Implicit rule search has not been done.
#  Modification time never checked.
#  File has not been updated.
#  recipe to execute (from 'makefile', line 112):
	docker stop messaging-api
	docker rm messaging-api

certbot-dry-run:
#  Implicit rule search has not been done.
#  Modification time never checked.
#  File has not been updated.
#  recipe to execute (from 'makefile', line 80):
	docker run -it --name certbot --network=host \
	-v ${CURDIR}/certbot/www:/var/www/certbot/:rw \
	-v ${CURDIR}/certbot/conf:/etc/letsencrypt/:rw \
	certbot/certbot:latest certonly --webroot --webroot-path /var/www/certbot/ --dry-run -d syamsulapi.my.id

# files hash-table stats:
# Load=24/1024=2%, Rehash=0, Collisions=1/34=3%
# VPATH Search Paths

# No 'vpath' search paths.

# No general ('VPATH' variable) search path.

# strcache buffers: 1 (0) / strings = 38 / storage = 371 B / avg = 9 B
# current buf: size = 8162 B / used = 371 B / count = 38 / avg = 9 B

# strcache performance: lookups = 62 / hit rate = 38%
# hash-table stats:
# Load=38/8192=0%, Rehash=0, Collisions=0/62=0%
# Finished Make data base on Thu Aug 11 12:52:06 2022

 
